<?xml version="1.0" encoding="UTF-8"?>
<!-- Generated by org.testng.reporters.JUnitReportReporter -->
<testsuite skipped="0" hostname="xuweiwei-lt" name="Appium.demo.AppTest" tests="1" failures="0" timestamp="05 六月 2019 06:48:13 GMT" time="0.010" errors="0">
  <testcase name="testApp" time="0.010" classname="Appium.demo.AppTest"/>
</testsuite> <!-- Appium.demo.AppTest -->
